TOP.6441b5bb.000a413a	START
TOP.6441b5bb.000a413a	folder_config->cwd	/home
TOP.6441b5bb.000a413a	folder_config->install_dir	/usr/bin
TOP.6441b5bb.000a413a	folder_config->profile_dir	/root/.local/share/hashcat
TOP.6441b5bb.000a413a	folder_config->session_dir	/root/.local/share/hashcat/sessions
TOP.6441b5bb.000a413a	folder_config->shared_dir	/usr/share/hashcat
TOP.6441b5bb.000a413a	user_options->encoding_from	utf-8
TOP.6441b5bb.000a413a	user_options->encoding_to	utf-8
TOP.6441b5bb.000a413a	user_options->rp_files[0]	./buny/d3adhob0.rule
TOP.6441b5bb.000a413a	user_options->rule_buf_l	:
TOP.6441b5bb.000a413a	user_options->rule_buf_r	:
TOP.6441b5bb.000a413a	user_options->session	hashcat
TOP.6441b5bb.000a413a	user_options->separator	:
TOP.6441b5bb.000a413a	user_options->limit	0
TOP.6441b5bb.000a413a	user_options->skip	0
TOP.6441b5bb.000a413a	user_options->attack_mode	0
TOP.6441b5bb.000a413a	user_options->benchmark	0
TOP.6441b5bb.000a413a	user_options->benchmark_all	0
TOP.6441b5bb.000a413a	user_options->bitmap_max	18
TOP.6441b5bb.000a413a	user_options->bitmap_min	16
TOP.6441b5bb.000a413a	user_options->debug_mode	0
TOP.6441b5bb.000a413a	user_options->hash_info	0
TOP.6441b5bb.000a413a	user_options->force	0
TOP.6441b5bb.000a413a	user_options->hwmon_disable	0
TOP.6441b5bb.000a413a	user_options->hwmon_temp_abort	90
TOP.6441b5bb.000a413a	user_options->hash_mode	11300
TOP.6441b5bb.000a413a	user_options->hex_charset	0
TOP.6441b5bb.000a413a	user_options->hex_salt	0
TOP.6441b5bb.000a413a	user_options->hex_wordlist	0
TOP.6441b5bb.000a413a	user_options->hook_threads	2
TOP.6441b5bb.000a413a	user_options->identify	0
TOP.6441b5bb.000a413a	user_options->increment	0
TOP.6441b5bb.000a413a	user_options->increment_max	256
TOP.6441b5bb.000a413a	user_options->increment_min	1
TOP.6441b5bb.000a413a	user_options->keep_guessing	0
TOP.6441b5bb.000a413a	user_options->kernel_accel	0
TOP.6441b5bb.000a413a	user_options->kernel_loops	0
TOP.6441b5bb.000a413a	user_options->kernel_threads	0
TOP.6441b5bb.000a413a	user_options->keyspace	0
TOP.6441b5bb.000a413a	user_options->left	0
TOP.6441b5bb.000a413a	user_options->logfile_disable	0
TOP.6441b5bb.000a413a	user_options->loopback	0
TOP.6441b5bb.000a413a	user_options->machine_readable	0
TOP.6441b5bb.000a413a	user_options->markov_classic	0
TOP.6441b5bb.000a413a	user_options->markov_disable	0
TOP.6441b5bb.000a413a	user_options->markov_inverse	0
TOP.6441b5bb.000a413a	user_options->markov_threshold	256
TOP.6441b5bb.000a413a	user_options->multiply_accel_disable	0
TOP.6441b5bb.000a413a	user_options->backend_info	0
TOP.6441b5bb.000a413a	user_options->backend_vector_width	0
TOP.6441b5bb.000a413a	user_options->optimized_kernel_enable	1
TOP.6441b5bb.000a413a	user_options->outfile_autohex	1
TOP.6441b5bb.000a413a	user_options->outfile_check_timer	5
TOP.6441b5bb.000a413a	user_options->outfile_format	3
TOP.6441b5bb.000a413a	user_options->wordlist_autohex_disable	0
TOP.6441b5bb.000a413a	user_options->potfile_disable	0
TOP.6441b5bb.000a413a	user_options->progress_only	0
TOP.6441b5bb.000a413a	user_options->quiet	0
TOP.6441b5bb.000a413a	user_options->remove	0
TOP.6441b5bb.000a413a	user_options->remove_timer	60
TOP.6441b5bb.000a413a	user_options->restore	0
TOP.6441b5bb.000a413a	user_options->restore_disable	0
TOP.6441b5bb.000a413a	user_options->restore_timer	1
TOP.6441b5bb.000a413a	user_options->rp_files_cnt	1
TOP.6441b5bb.000a413a	user_options->rp_gen	0
TOP.6441b5bb.000a413a	user_options->rp_gen_func_max	4
TOP.6441b5bb.000a413a	user_options->rp_gen_func_min	1
TOP.6441b5bb.000a413a	user_options->rp_gen_seed	0
TOP.6441b5bb.000a413a	user_options->runtime	0
TOP.6441b5bb.000a413a	user_options->scrypt_tmto	0
TOP.6441b5bb.000a413a	user_options->segment_size	33554432
TOP.6441b5bb.000a413a	user_options->self_test_disable	0
TOP.6441b5bb.000a413a	user_options->slow_candidates	0
TOP.6441b5bb.000a413a	user_options->show	0
TOP.6441b5bb.000a413a	user_options->speed_only	0
TOP.6441b5bb.000a413a	user_options->spin_damp	0
TOP.6441b5bb.000a413a	user_options->status	0
TOP.6441b5bb.000a413a	user_options->status_json	0
TOP.6441b5bb.000a413a	user_options->status_timer	10
TOP.6441b5bb.000a413a	user_options->stdout_flag	0
TOP.6441b5bb.000a413a	user_options->usage	0
TOP.6441b5bb.000a413a	user_options->username	0
TOP.6441b5bb.000a413a	user_options->veracrypt_pim_start	485
TOP.6441b5bb.000a413a	user_options->veracrypt_pim_stop	485
TOP.6441b5bb.000a413a	user_options->version	0
TOP.6441b5bb.000a413a	user_options->workload_profile	3
TOP.6441b5bb.000a413a	user_options->brain_client	0
TOP.6441b5bb.000a413a	user_options->brain_client_features	2
TOP.6441b5bb.000a413a	user_options->brain_server	0
TOP.6441b5bb.000a413a	user_options->brain_server_timer	300
TOP.6441b5bb.000a413a	user_options->brain_port	6863
TOP.6441b5bb.000a413a	user_options->brain_session	0
TOP.6441b5bb.000a413a	hashes->hashfile	./hashes.txt
TOP.6441b5bb.000a413a	hashes->hashlist_mode	5
TOP.6441b5bb.000a413a	hashes->hashlist_format	0
TOP.6441b5bb.000a413a	hashes->hashes_cnt	0
TOP.6441b5bb.000a413a	hashes->digests_cnt	1
TOP.6441b5bb.000a413a	hashes->digests_done_pot	0
TOP.6441b5bb.000a413a	hashes->digests_done_zero	0
TOP.6441b5bb.000a413a	hashes->digests_done	0
TOP.6441b5bb.000a413a	hashes->salts_cnt	1
TOP.6441b5bb.000a413a	hashes->salts_done	0
TOP.6441b5bb.000a413a	SUB.6441b5e6.000ad240	START
TOP.6441b5bb.000a413a	SUB.6441b5e6.000ad240	straight_ctx->dict	./buny/rockyou.txt
TOP.6441b5bb.000a413a	SUB.6441b5e6.000ad240	rulefile	./buny/d3adhob0.rule
TOP.6441c041.000d66c4	START
TOP.6441c041.000d66c4	folder_config->cwd	/home
TOP.6441c041.000d66c4	folder_config->install_dir	/usr/bin
TOP.6441c041.000d66c4	folder_config->profile_dir	/root/.local/share/hashcat
TOP.6441c041.000d66c4	folder_config->session_dir	/root/.local/share/hashcat/sessions
TOP.6441c041.000d66c4	folder_config->shared_dir	/usr/share/hashcat
TOP.6441c041.000d66c4	user_options->encoding_from	utf-8
TOP.6441c041.000d66c4	user_options->encoding_to	utf-8
TOP.6441c041.000d66c4	user_options->rp_files[0]	./buny/d3adhob0.rule
TOP.6441c041.000d66c4	user_options->rule_buf_l	:
TOP.6441c041.000d66c4	user_options->rule_buf_r	:
TOP.6441c041.000d66c4	user_options->session	hashcat
TOP.6441c041.000d66c4	user_options->separator	:
TOP.6441c041.000d66c4	user_options->limit	0
TOP.6441c041.000d66c4	user_options->skip	0
TOP.6441c041.000d66c4	user_options->attack_mode	0
TOP.6441c041.000d66c4	user_options->benchmark	0
TOP.6441c041.000d66c4	user_options->benchmark_all	0
TOP.6441c041.000d66c4	user_options->bitmap_max	18
TOP.6441c041.000d66c4	user_options->bitmap_min	16
TOP.6441c041.000d66c4	user_options->debug_mode	0
TOP.6441c041.000d66c4	user_options->hash_info	0
TOP.6441c041.000d66c4	user_options->force	0
TOP.6441c041.000d66c4	user_options->hwmon_disable	0
TOP.6441c041.000d66c4	user_options->hwmon_temp_abort	90
TOP.6441c041.000d66c4	user_options->hash_mode	11300
TOP.6441c041.000d66c4	user_options->hex_charset	0
TOP.6441c041.000d66c4	user_options->hex_salt	0
TOP.6441c041.000d66c4	user_options->hex_wordlist	0
TOP.6441c041.000d66c4	user_options->hook_threads	32
TOP.6441c041.000d66c4	user_options->identify	0
TOP.6441c041.000d66c4	user_options->increment	0
TOP.6441c041.000d66c4	user_options->increment_max	256
TOP.6441c041.000d66c4	user_options->increment_min	1
TOP.6441c041.000d66c4	user_options->keep_guessing	0
TOP.6441c041.000d66c4	user_options->kernel_accel	0
TOP.6441c041.000d66c4	user_options->kernel_loops	0
TOP.6441c041.000d66c4	user_options->kernel_threads	0
TOP.6441c041.000d66c4	user_options->keyspace	0
TOP.6441c041.000d66c4	user_options->left	0
TOP.6441c041.000d66c4	user_options->logfile_disable	0
TOP.6441c041.000d66c4	user_options->loopback	0
TOP.6441c041.000d66c4	user_options->machine_readable	0
TOP.6441c041.000d66c4	user_options->markov_classic	0
TOP.6441c041.000d66c4	user_options->markov_disable	0
TOP.6441c041.000d66c4	user_options->markov_inverse	0
TOP.6441c041.000d66c4	user_options->markov_threshold	256
TOP.6441c041.000d66c4	user_options->multiply_accel_disable	0
TOP.6441c041.000d66c4	user_options->backend_info	0
TOP.6441c041.000d66c4	user_options->backend_vector_width	0
TOP.6441c041.000d66c4	user_options->optimized_kernel_enable	1
TOP.6441c041.000d66c4	user_options->outfile_autohex	1
TOP.6441c041.000d66c4	user_options->outfile_check_timer	5
TOP.6441c041.000d66c4	user_options->outfile_format	3
TOP.6441c041.000d66c4	user_options->wordlist_autohex_disable	0
TOP.6441c041.000d66c4	user_options->potfile_disable	0
TOP.6441c041.000d66c4	user_options->progress_only	0
TOP.6441c041.000d66c4	user_options->quiet	0
TOP.6441c041.000d66c4	user_options->remove	0
TOP.6441c041.000d66c4	user_options->remove_timer	60
TOP.6441c041.000d66c4	user_options->restore	0
TOP.6441c041.000d66c4	user_options->restore_disable	0
TOP.6441c041.000d66c4	user_options->restore_timer	1
TOP.6441c041.000d66c4	user_options->rp_files_cnt	1
TOP.6441c041.000d66c4	user_options->rp_gen	0
TOP.6441c041.000d66c4	user_options->rp_gen_func_max	4
TOP.6441c041.000d66c4	user_options->rp_gen_func_min	1
TOP.6441c041.000d66c4	user_options->rp_gen_seed	0
TOP.6441c041.000d66c4	user_options->runtime	0
TOP.6441c041.000d66c4	user_options->scrypt_tmto	0
TOP.6441c041.000d66c4	user_options->segment_size	33554432
TOP.6441c041.000d66c4	user_options->self_test_disable	0
TOP.6441c041.000d66c4	user_options->slow_candidates	0
TOP.6441c041.000d66c4	user_options->show	0
TOP.6441c041.000d66c4	user_options->speed_only	0
TOP.6441c041.000d66c4	user_options->spin_damp	0
TOP.6441c041.000d66c4	user_options->status	0
TOP.6441c041.000d66c4	user_options->status_json	0
TOP.6441c041.000d66c4	user_options->status_timer	10
TOP.6441c041.000d66c4	user_options->stdout_flag	0
TOP.6441c041.000d66c4	user_options->usage	0
TOP.6441c041.000d66c4	user_options->username	0
TOP.6441c041.000d66c4	user_options->veracrypt_pim_start	485
TOP.6441c041.000d66c4	user_options->veracrypt_pim_stop	485
TOP.6441c041.000d66c4	user_options->version	0
TOP.6441c041.000d66c4	user_options->workload_profile	3
TOP.6441c041.000d66c4	user_options->brain_client	0
TOP.6441c041.000d66c4	user_options->brain_client_features	2
TOP.6441c041.000d66c4	user_options->brain_server	0
TOP.6441c041.000d66c4	user_options->brain_server_timer	300
TOP.6441c041.000d66c4	user_options->brain_port	6863
TOP.6441c041.000d66c4	user_options->brain_session	0
TOP.6441c041.000d66c4	hashes->hashfile	./hashes.txt
TOP.6441c041.000d66c4	hashes->hashlist_mode	5
TOP.6441c041.000d66c4	hashes->hashlist_format	0
TOP.6441c041.000d66c4	hashes->hashes_cnt	0
TOP.6441c041.000d66c4	hashes->digests_cnt	1
TOP.6441c041.000d66c4	hashes->digests_done_pot	0
TOP.6441c041.000d66c4	hashes->digests_done_zero	0
TOP.6441c041.000d66c4	hashes->digests_done	0
TOP.6441c041.000d66c4	hashes->salts_cnt	1
TOP.6441c041.000d66c4	hashes->salts_done	0
TOP.6441c041.000d66c4	SUB.6441c046.0005f2c8	START
TOP.6441c041.000d66c4	SUB.6441c046.0005f2c8	straight_ctx->dict	./buny/rockyou.txt
TOP.6441c041.000d66c4	SUB.6441c046.0005f2c8	rulefile	./buny/d3adhob0.rule
TOP.6441c041.000d66c4	SUB.6441c046.0005f2c8	runtime_start	1682030663
TOP.6441c041.000d66c4	SUB.6441c046.0005f2c8	runtime_stop	1682031065
TOP.6441c041.000d66c4	SUB.6441c046.0005f2c8	hashes->digests_done_new	0
TOP.6441c041.000d66c4	SUB.6441c046.0005f2c8	status-after-work	8
TOP.6441c041.000d66c4	SUB.6441c046.0005f2c8	STOP
TOP.6441c041.000d66c4	proc_start	1682030657
TOP.6441c041.000d66c4	proc_stop	1682031066
TOP.6441c041.000d66c4	STOP
TOP.6441c322.0008899c	START
TOP.6441c322.0008899c	folder_config->cwd	/home
TOP.6441c322.0008899c	folder_config->install_dir	/usr/bin
TOP.6441c322.0008899c	folder_config->profile_dir	/root/.local/share/hashcat
TOP.6441c322.0008899c	folder_config->session_dir	/root/.local/share/hashcat/sessions
TOP.6441c322.0008899c	folder_config->shared_dir	/usr/share/hashcat
TOP.6441c322.0008899c	user_options->encoding_from	utf-8
TOP.6441c322.0008899c	user_options->encoding_to	utf-8
TOP.6441c322.0008899c	user_options->rp_files[0]	./buny/hob064.rule
TOP.6441c322.0008899c	user_options->rule_buf_l	:
TOP.6441c322.0008899c	user_options->rule_buf_r	:
TOP.6441c322.0008899c	user_options->session	hashcat
TOP.6441c322.0008899c	user_options->separator	:
TOP.6441c322.0008899c	user_options->limit	0
TOP.6441c322.0008899c	user_options->skip	0
TOP.6441c322.0008899c	user_options->attack_mode	0
TOP.6441c322.0008899c	user_options->benchmark	0
TOP.6441c322.0008899c	user_options->benchmark_all	0
TOP.6441c322.0008899c	user_options->bitmap_max	18
TOP.6441c322.0008899c	user_options->bitmap_min	16
TOP.6441c322.0008899c	user_options->debug_mode	0
TOP.6441c322.0008899c	user_options->hash_info	0
TOP.6441c322.0008899c	user_options->force	0
TOP.6441c322.0008899c	user_options->hwmon_disable	0
TOP.6441c322.0008899c	user_options->hwmon_temp_abort	90
TOP.6441c322.0008899c	user_options->hash_mode	11300
TOP.6441c322.0008899c	user_options->hex_charset	0
TOP.6441c322.0008899c	user_options->hex_salt	0
TOP.6441c322.0008899c	user_options->hex_wordlist	0
TOP.6441c322.0008899c	user_options->hook_threads	50
TOP.6441c322.0008899c	user_options->identify	0
TOP.6441c322.0008899c	user_options->increment	0
TOP.6441c322.0008899c	user_options->increment_max	256
TOP.6441c322.0008899c	user_options->increment_min	1
TOP.6441c322.0008899c	user_options->keep_guessing	0
TOP.6441c322.0008899c	user_options->kernel_accel	0
TOP.6441c322.0008899c	user_options->kernel_loops	0
TOP.6441c322.0008899c	user_options->kernel_threads	0
TOP.6441c322.0008899c	user_options->keyspace	0
TOP.6441c322.0008899c	user_options->left	0
TOP.6441c322.0008899c	user_options->logfile_disable	0
TOP.6441c322.0008899c	user_options->loopback	0
TOP.6441c322.0008899c	user_options->machine_readable	0
TOP.6441c322.0008899c	user_options->markov_classic	0
TOP.6441c322.0008899c	user_options->markov_disable	0
TOP.6441c322.0008899c	user_options->markov_inverse	0
TOP.6441c322.0008899c	user_options->markov_threshold	256
TOP.6441c322.0008899c	user_options->multiply_accel_disable	0
TOP.6441c322.0008899c	user_options->backend_info	0
TOP.6441c322.0008899c	user_options->backend_vector_width	0
TOP.6441c322.0008899c	user_options->optimized_kernel_enable	1
TOP.6441c322.0008899c	user_options->outfile_autohex	1
TOP.6441c322.0008899c	user_options->outfile_check_timer	5
TOP.6441c322.0008899c	user_options->outfile_format	3
TOP.6441c322.0008899c	user_options->wordlist_autohex_disable	0
TOP.6441c322.0008899c	user_options->potfile_disable	0
TOP.6441c322.0008899c	user_options->progress_only	0
TOP.6441c322.0008899c	user_options->quiet	0
TOP.6441c322.0008899c	user_options->remove	0
TOP.6441c322.0008899c	user_options->remove_timer	60
TOP.6441c322.0008899c	user_options->restore	0
TOP.6441c322.0008899c	user_options->restore_disable	0
TOP.6441c322.0008899c	user_options->restore_timer	1
TOP.6441c322.0008899c	user_options->rp_files_cnt	1
TOP.6441c322.0008899c	user_options->rp_gen	0
TOP.6441c322.0008899c	user_options->rp_gen_func_max	4
TOP.6441c322.0008899c	user_options->rp_gen_func_min	1
TOP.6441c322.0008899c	user_options->rp_gen_seed	0
TOP.6441c322.0008899c	user_options->runtime	0
TOP.6441c322.0008899c	user_options->scrypt_tmto	0
TOP.6441c322.0008899c	user_options->segment_size	33554432
TOP.6441c322.0008899c	user_options->self_test_disable	0
TOP.6441c322.0008899c	user_options->slow_candidates	0
TOP.6441c322.0008899c	user_options->show	0
TOP.6441c322.0008899c	user_options->speed_only	0
TOP.6441c322.0008899c	user_options->spin_damp	0
TOP.6441c322.0008899c	user_options->status	0
TOP.6441c322.0008899c	user_options->status_json	0
TOP.6441c322.0008899c	user_options->status_timer	10
TOP.6441c322.0008899c	user_options->stdout_flag	0
TOP.6441c322.0008899c	user_options->usage	0
TOP.6441c322.0008899c	user_options->username	0
TOP.6441c322.0008899c	user_options->veracrypt_pim_start	485
TOP.6441c322.0008899c	user_options->veracrypt_pim_stop	485
TOP.6441c322.0008899c	user_options->version	0
TOP.6441c322.0008899c	user_options->workload_profile	3
TOP.6441c322.0008899c	user_options->brain_client	0
TOP.6441c322.0008899c	user_options->brain_client_features	2
TOP.6441c322.0008899c	user_options->brain_server	0
TOP.6441c322.0008899c	user_options->brain_server_timer	300
TOP.6441c322.0008899c	user_options->brain_port	6863
TOP.6441c322.0008899c	user_options->brain_session	0
TOP.6441c322.0008899c	hashes->hashfile	./hashes.txt
TOP.6441c322.0008899c	hashes->hashlist_mode	5
TOP.6441c322.0008899c	hashes->hashlist_format	0
TOP.6441c322.0008899c	hashes->hashes_cnt	0
TOP.6441c322.0008899c	hashes->digests_cnt	1
TOP.6441c322.0008899c	hashes->digests_done_pot	0
TOP.6441c322.0008899c	hashes->digests_done_zero	0
TOP.6441c322.0008899c	hashes->digests_done	0
TOP.6441c322.0008899c	hashes->salts_cnt	1
TOP.6441c322.0008899c	hashes->salts_done	0
TOP.6441c322.0008899c	SUB.6441c324.0003ee66	START
TOP.6441c322.0008899c	SUB.6441c324.0003ee66	straight_ctx->dict	./buny/rockyou.txt
TOP.6441c322.0008899c	SUB.6441c324.0003ee66	rulefile	./buny/hob064.rule
TOP.6441e58f.0008ce35	START
TOP.6441e58f.0008ce35	folder_config->cwd	/home
TOP.6441e58f.0008ce35	folder_config->install_dir	/usr/bin
TOP.6441e58f.0008ce35	folder_config->profile_dir	/root/.local/share/hashcat
TOP.6441e58f.0008ce35	folder_config->session_dir	/root/.local/share/hashcat/sessions
TOP.6441e58f.0008ce35	folder_config->shared_dir	/usr/share/hashcat
TOP.6441e58f.0008ce35	user_options->encoding_from	utf-8
TOP.6441e58f.0008ce35	user_options->encoding_to	utf-8
TOP.6441e58f.0008ce35	user_options->rp_files[0]	./buny/hob064.rule
TOP.6441e58f.0008ce35	user_options->rule_buf_l	:
TOP.6441e58f.0008ce35	user_options->rule_buf_r	:
TOP.6441e58f.0008ce35	user_options->session	hashcat
TOP.6441e58f.0008ce35	user_options->separator	:
TOP.6441e58f.0008ce35	user_options->limit	0
TOP.6441e58f.0008ce35	user_options->skip	0
TOP.6441e58f.0008ce35	user_options->attack_mode	0
TOP.6441e58f.0008ce35	user_options->benchmark	0
TOP.6441e58f.0008ce35	user_options->benchmark_all	0
TOP.6441e58f.0008ce35	user_options->bitmap_max	18
TOP.6441e58f.0008ce35	user_options->bitmap_min	16
TOP.6441e58f.0008ce35	user_options->debug_mode	0
TOP.6441e58f.0008ce35	user_options->hash_info	0
TOP.6441e58f.0008ce35	user_options->force	0
TOP.6441e58f.0008ce35	user_options->hwmon_disable	0
TOP.6441e58f.0008ce35	user_options->hwmon_temp_abort	90
TOP.6441e58f.0008ce35	user_options->hash_mode	11300
TOP.6441e58f.0008ce35	user_options->hex_charset	0
TOP.6441e58f.0008ce35	user_options->hex_salt	0
TOP.6441e58f.0008ce35	user_options->hex_wordlist	0
TOP.6441e58f.0008ce35	user_options->hook_threads	64
TOP.6441e58f.0008ce35	user_options->identify	0
TOP.6441e58f.0008ce35	user_options->increment	0
TOP.6441e58f.0008ce35	user_options->increment_max	256
TOP.6441e58f.0008ce35	user_options->increment_min	1
TOP.6441e58f.0008ce35	user_options->keep_guessing	0
TOP.6441e58f.0008ce35	user_options->kernel_accel	0
TOP.6441e58f.0008ce35	user_options->kernel_loops	0
TOP.6441e58f.0008ce35	user_options->kernel_threads	0
TOP.6441e58f.0008ce35	user_options->keyspace	0
TOP.6441e58f.0008ce35	user_options->left	0
TOP.6441e58f.0008ce35	user_options->logfile_disable	0
TOP.6441e58f.0008ce35	user_options->loopback	0
TOP.6441e58f.0008ce35	user_options->machine_readable	0
TOP.6441e58f.0008ce35	user_options->markov_classic	0
TOP.6441e58f.0008ce35	user_options->markov_disable	0
TOP.6441e58f.0008ce35	user_options->markov_inverse	0
TOP.6441e58f.0008ce35	user_options->markov_threshold	256
TOP.6441e58f.0008ce35	user_options->multiply_accel_disable	0
TOP.6441e58f.0008ce35	user_options->backend_info	0
TOP.6441e58f.0008ce35	user_options->backend_vector_width	0
TOP.6441e58f.0008ce35	user_options->optimized_kernel_enable	1
TOP.6441e58f.0008ce35	user_options->outfile_autohex	1
TOP.6441e58f.0008ce35	user_options->outfile_check_timer	5
TOP.6441e58f.0008ce35	user_options->outfile_format	3
TOP.6441e58f.0008ce35	user_options->wordlist_autohex_disable	0
TOP.6441e58f.0008ce35	user_options->potfile_disable	0
TOP.6441e58f.0008ce35	user_options->progress_only	0
TOP.6441e58f.0008ce35	user_options->quiet	0
TOP.6441e58f.0008ce35	user_options->remove	0
TOP.6441e58f.0008ce35	user_options->remove_timer	60
TOP.6441e58f.0008ce35	user_options->restore	0
TOP.6441e58f.0008ce35	user_options->restore_disable	0
TOP.6441e58f.0008ce35	user_options->restore_timer	1
TOP.6441e58f.0008ce35	user_options->rp_files_cnt	1
TOP.6441e58f.0008ce35	user_options->rp_gen	0
TOP.6441e58f.0008ce35	user_options->rp_gen_func_max	4
TOP.6441e58f.0008ce35	user_options->rp_gen_func_min	1
TOP.6441e58f.0008ce35	user_options->rp_gen_seed	0
TOP.6441e58f.0008ce35	user_options->runtime	0
TOP.6441e58f.0008ce35	user_options->scrypt_tmto	0
TOP.6441e58f.0008ce35	user_options->segment_size	33554432
TOP.6441e58f.0008ce35	user_options->self_test_disable	0
TOP.6441e58f.0008ce35	user_options->slow_candidates	0
TOP.6441e58f.0008ce35	user_options->show	0
TOP.6441e58f.0008ce35	user_options->speed_only	0
TOP.6441e58f.0008ce35	user_options->spin_damp	0
TOP.6441e58f.0008ce35	user_options->status	0
TOP.6441e58f.0008ce35	user_options->status_json	0
TOP.6441e58f.0008ce35	user_options->status_timer	10
TOP.6441e58f.0008ce35	user_options->stdout_flag	0
TOP.6441e58f.0008ce35	user_options->usage	0
TOP.6441e58f.0008ce35	user_options->username	0
TOP.6441e58f.0008ce35	user_options->veracrypt_pim_start	485
TOP.6441e58f.0008ce35	user_options->veracrypt_pim_stop	485
TOP.6441e58f.0008ce35	user_options->version	0
TOP.6441e58f.0008ce35	user_options->workload_profile	3
TOP.6441e58f.0008ce35	user_options->brain_client	0
TOP.6441e58f.0008ce35	user_options->brain_client_features	2
TOP.6441e58f.0008ce35	user_options->brain_server	0
TOP.6441e58f.0008ce35	user_options->brain_server_timer	300
TOP.6441e58f.0008ce35	user_options->brain_port	6863
TOP.6441e58f.0008ce35	user_options->brain_session	0
TOP.6441e58f.0008ce35	hashes->hashfile	./hashes.txt
TOP.6441e58f.0008ce35	hashes->hashlist_mode	5
TOP.6441e58f.0008ce35	hashes->hashlist_format	0
TOP.6441e58f.0008ce35	hashes->hashes_cnt	0
TOP.6441e58f.0008ce35	hashes->digests_cnt	1
TOP.6441e58f.0008ce35	hashes->digests_done_pot	0
TOP.6441e58f.0008ce35	hashes->digests_done_zero	0
TOP.6441e58f.0008ce35	hashes->digests_done	0
TOP.6441e58f.0008ce35	hashes->salts_cnt	1
TOP.6441e58f.0008ce35	hashes->salts_done	0
TOP.6441e58f.0008ce35	SUB.6441e593.0007ce36	START
TOP.6441e58f.0008ce35	SUB.6441e593.0007ce36	straight_ctx->dict	./buny/rockyou.txt
TOP.6441e58f.0008ce35	SUB.6441e593.0007ce36	rulefile	./buny/hob064.rule
TOP.6441e58f.0008ce35	SUB.6441e593.0007ce36	runtime_start	1682040213
TOP.6441e58f.0008ce35	SUB.6441e593.0007ce36	runtime_stop	1682041694
TOP.6441e58f.0008ce35	SUB.6441e593.0007ce36	hashes->digests_done_new	0
TOP.6441e58f.0008ce35	SUB.6441e593.0007ce36	status-after-work	10
TOP.6441e58f.0008ce35	SUB.6441e593.0007ce36	STOP
TOP.6441e58f.0008ce35	proc_start	1682040207
TOP.6441e58f.0008ce35	proc_stop	1682041694
TOP.6441e58f.0008ce35	STOP
